
> temp-app@0.1.0 dev
> next dev -p 3002

▲ Next.js 16.1.6 (Turbopack)
- Local:         http://localhost:3002
- Network:       http://192.168.1.169:3002

✓ Starting...
✓ Ready in 430ms
○ Compiling / ...
⨯ ./src/app/globals.css
Error evaluating Node.js code
Error: Invalid package config /Users/ben/Desktop/ECOLIN W/ecolin-website/node_modules/@tailwindcss/oxide/package.json.
    [at Object.read (node:internal/modules/package_json_reader:116:33)]
    [at _readPackage (node:internal/modules/cjs/loader:490:55)]
    [at resolveExports (node:internal/modules/cjs/loader:675:15)]
    [at Module._findPath (node:internal/modules/cjs/loader:746:31)]
    [at Module._resolveFilename (node:internal/modules/cjs/loader:1406:27)]
    [at defaultResolveImpl (node:internal/modules/cjs/loader:1059:19)]
    [at resolveForCJSWithHooks (node:internal/modules/cjs/loader:1064:22)]
    [at Module._load (node:internal/modules/cjs/loader:1227:37)]
    [at TracingChannel.traceSync (node:diagnostics_channel:328:14)]
    [at wrapModuleLoad (node:internal/modules/cjs/loader:245:24)]

Import trace:
  Client Component Browser:
    ./src/app/globals.css [Client Component Browser]
    ./src/app/layout.tsx [Server Component]


○ Compiling /_error ...
Persisting failed: Unable to write SST file 00000015.sst

Caused by:
    No such file or directory (os error 2)
[?25h
